Determining if the pthread_create exist failed with the following output:
Change Dir: /home/lezkus/Documents/CPProb/.build/CMakeFiles/CMakeTmp

Run Build Command:"/usr/bin/make" "cmTC_9564f/fast"
/usr/bin/make -f CMakeFiles/cmTC_9564f.dir/build.make CMakeFiles/cmTC_9564f.dir/build
make[1]: Entering directory '/home/lezkus/Documents/CPProb/.build/CMakeFiles/CMakeTmp'
Building CXX object CMakeFiles/cmTC_9564f.dir/CheckSymbolExists.cxx.o
/usr/bin/c++     -o CMakeFiles/cmTC_9564f.dir/CheckSymbolExists.cxx.o -c /home/lezkus/Documents/CPProb/.build/CMakeFiles/CMakeTmp/CheckSymbolExists.cxx
Linking CXX executable cmTC_9564f
/usr/bin/cmake -E cmake_link_script CMakeFiles/cmTC_9564f.dir/link.txt --verbose=1
/usr/bin/c++       -rdynamic CMakeFiles/cmTC_9564f.dir/CheckSymbolExists.cxx.o  -o cmTC_9564f 
CMakeFiles/cmTC_9564f.dir/CheckSymbolExists.cxx.o: In function `main':
CheckSymbolExists.cxx:(.text+0x1b): undefined reference to `pthread_create'
collect2: error: ld returned 1 exit status
make[1]: *** [CMakeFiles/cmTC_9564f.dir/build.make:98: cmTC_9564f] Error 1
make[1]: Leaving directory '/home/lezkus/Documents/CPProb/.build/CMakeFiles/CMakeTmp'
make: *** [Makefile:126: cmTC_9564f/fast] Error 2

File /home/lezkus/Documents/CPProb/.build/CMakeFiles/CMakeTmp/CheckSymbolExists.cxx:
/* */
#include <pthread.h>

int main(int argc, char** argv)
{
  (void)argv;
#ifndef pthread_create
  return ((int*)(&pthread_create))[argc];
#else
  (void)argc;
  return 0;
#endif
}

Determining if the function pthread_create exists in the pthreads failed with the following output:
Change Dir: /home/lezkus/Documents/CPProb/.build/CMakeFiles/CMakeTmp

Run Build Command:"/usr/bin/make" "cmTC_06b8b/fast"
/usr/bin/make -f CMakeFiles/cmTC_06b8b.dir/build.make CMakeFiles/cmTC_06b8b.dir/build
make[1]: Entering directory '/home/lezkus/Documents/CPProb/.build/CMakeFiles/CMakeTmp'
Building CXX object CMakeFiles/cmTC_06b8b.dir/CheckFunctionExists.cxx.o
/usr/bin/c++    -DCHECK_FUNCTION_EXISTS=pthread_create   -o CMakeFiles/cmTC_06b8b.dir/CheckFunctionExists.cxx.o -c /home/lezkus/Documents/CPProb/.build/CMakeFiles/CheckLibraryExists/CheckFunctionExists.cxx
Linking CXX executable cmTC_06b8b
/usr/bin/cmake -E cmake_link_script CMakeFiles/cmTC_06b8b.dir/link.txt --verbose=1
/usr/bin/c++   -DCHECK_FUNCTION_EXISTS=pthread_create    -rdynamic CMakeFiles/cmTC_06b8b.dir/CheckFunctionExists.cxx.o  -o cmTC_06b8b -lpthreads 
/usr/bin/ld: cannot find -lpthreads
collect2: error: ld returned 1 exit status
make[1]: *** [CMakeFiles/cmTC_06b8b.dir/build.make:98: cmTC_06b8b] Error 1
make[1]: Leaving directory '/home/lezkus/Documents/CPProb/.build/CMakeFiles/CMakeTmp'
make: *** [Makefile:126: cmTC_06b8b/fast] Error 2


