Determining if the pthread_create exist failed with the following output:
Change Dir: /home/lezkus/Documents/CPProb/build/CMakeFiles/CMakeTmp

Run Build Command:"/usr/bin/make" "cmTC_bf339/fast"
/usr/bin/make -f CMakeFiles/cmTC_bf339.dir/build.make CMakeFiles/cmTC_bf339.dir/build
make[1]: Entering directory '/home/lezkus/Documents/CPProb/build/CMakeFiles/CMakeTmp'
Building C object CMakeFiles/cmTC_bf339.dir/CheckSymbolExists.c.o
/usr/bin/cc    -o CMakeFiles/cmTC_bf339.dir/CheckSymbolExists.c.o   -c /home/lezkus/Documents/CPProb/build/CMakeFiles/CMakeTmp/CheckSymbolExists.c
Linking C executable cmTC_bf339
/usr/bin/cmake -E cmake_link_script CMakeFiles/cmTC_bf339.dir/link.txt --verbose=1
/usr/bin/cc      -rdynamic CMakeFiles/cmTC_bf339.dir/CheckSymbolExists.c.o  -o cmTC_bf339 
CMakeFiles/cmTC_bf339.dir/CheckSymbolExists.c.o: In function `main':
CheckSymbolExists.c:(.text+0x16): undefined reference to `pthread_create'
collect2: error: ld returned 1 exit status
make[1]: *** [CMakeFiles/cmTC_bf339.dir/build.make:98: cmTC_bf339] Error 1
make[1]: Leaving directory '/home/lezkus/Documents/CPProb/build/CMakeFiles/CMakeTmp'
make: *** [Makefile:126: cmTC_bf339/fast] Error 2

File /home/lezkus/Documents/CPProb/build/CMakeFiles/CMakeTmp/CheckSymbolExists.c:
/* */
#include <pthread.h>

int main(int argc, char** argv)
{
  (void)argv;
#ifndef pthread_create
  return ((int*)(&pthread_create))[argc];
#else
  (void)argc;
  return 0;
#endif
}

Determining if the function pthread_create exists in the pthreads failed with the following output:
Change Dir: /home/lezkus/Documents/CPProb/build/CMakeFiles/CMakeTmp

Run Build Command:"/usr/bin/make" "cmTC_865fc/fast"
/usr/bin/make -f CMakeFiles/cmTC_865fc.dir/build.make CMakeFiles/cmTC_865fc.dir/build
make[1]: Entering directory '/home/lezkus/Documents/CPProb/build/CMakeFiles/CMakeTmp'
Building C object CMakeFiles/cmTC_865fc.dir/CheckFunctionExists.c.o
/usr/bin/cc   -DCHECK_FUNCTION_EXISTS=pthread_create   -o CMakeFiles/cmTC_865fc.dir/CheckFunctionExists.c.o   -c /usr/share/cmake-3.8/Modules/CheckFunctionExists.c
Linking C executable cmTC_865fc
/usr/bin/cmake -E cmake_link_script CMakeFiles/cmTC_865fc.dir/link.txt --verbose=1
/usr/bin/cc  -DCHECK_FUNCTION_EXISTS=pthread_create    -rdynamic CMakeFiles/cmTC_865fc.dir/CheckFunctionExists.c.o  -o cmTC_865fc -lpthreads 
/usr/bin/ld: cannot find -lpthreads
collect2: error: ld returned 1 exit status
make[1]: *** [CMakeFiles/cmTC_865fc.dir/build.make:98: cmTC_865fc] Error 1
make[1]: Leaving directory '/home/lezkus/Documents/CPProb/build/CMakeFiles/CMakeTmp'
make: *** [Makefile:126: cmTC_865fc/fast] Error 2


